This file contains any messages produced by compilers while
running configure, to aid debugging if configure makes a mistake.

It was created by ezstream configure 0.6.0, which was
generated by GNU Autoconf 2.61.  Invocation command line was

  $ ./configure 

## --------- ##
## Platform. ##
## --------- ##

hostname = centos7
uname -m = x86_64
uname -r = 3.10.0-229.el7.x86_64
uname -s = Linux
uname -v = #1 SMP Fri Mar 6 11:36:42 UTC 2015

/usr/bin/uname -p = x86_64
/bin/uname -X     = unknown

/bin/arch              = x86_64
/usr/bin/arch -k       = unknown
/usr/convex/getsysinfo = unknown
/usr/bin/hostinfo      = unknown
/bin/machine           = unknown
/usr/bin/oslevel       = unknown
/bin/universe          = unknown

PATH: /usr/local/sbin
PATH: /usr/local/bin
PATH: /usr/sbin
PATH: /usr/bin
PATH: /root/bin


## ----------- ##
## Core tests. ##
## ----------- ##

configure:1919: checking for a BSD-compatible install
configure:1975: result: /usr/bin/install -c
configure:2118: checking for a thread-safe mkdir -p
configure:2157: result: /usr/bin/mkdir -p
configure:2170: checking for gawk
configure:2186: found /usr/bin/gawk
configure:2197: result: gawk
configure:2208: checking whether make sets $(MAKE)
configure:2229: result: yes
configure:2314: checking whether to enable maintainer-specific portions of Makefiles
configure:2323: result: no
configure:2354: checking for style of include used by make
configure:2382: result: GNU
configure:2452: checking for gcc
configure:2468: found /usr/bin/gcc
configure:2479: result: gcc
configure:2717: checking for C compiler version
configure:2724: gcc --version >&5
gcc (GCC) 4.8.3 20140911 (Red Hat 4.8.3-9)
Copyright (C) 2013 Free Software Foundation, Inc.
This is free software; see the source for copying conditions.  There is NO
warranty; not even for MERCHANTABILITY or FITNESS FOR A PARTICULAR PURPOSE.

configure:2727: $? = 0
configure:2734: gcc -v >&5
Using built-in specs.
COLLECT_GCC=gcc
COLLECT_LTO_WRAPPER=/usr/libexec/gcc/x86_64-redhat-linux/4.8.3/lto-wrapper
Target: x86_64-redhat-linux
Configured with: ../configure --prefix=/usr --mandir=/usr/share/man --infodir=/usr/share/info --with-bugurl=http://bugzilla.redhat.com/bugzilla --enable-bootstrap --enable-shared --enable-threads=posix --enable-checking=release --with-system-zlib --enable-__cxa_atexit --disable-libunwind-exceptions --enable-gnu-unique-object --enable-linker-build-id --with-linker-hash-style=gnu --enable-languages=c,c++,objc,obj-c++,java,fortran,ada,go,lto --enable-plugin --enable-initfini-array --disable-libgcj --with-isl=/builddir/build/BUILD/gcc-4.8.3-20140911/obj-x86_64-redhat-linux/isl-install --with-cloog=/builddir/build/BUILD/gcc-4.8.3-20140911/obj-x86_64-redhat-linux/cloog-install --enable-gnu-indirect-function --with-tune=generic --with-arch_32=x86-64 --build=x86_64-redhat-linux
Thread model: posix
gcc version 4.8.3 20140911 (Red Hat 4.8.3-9) (GCC) 
configure:2737: $? = 0
configure:2744: gcc -V >&5
gcc: error: unrecognized command line option '-V'
gcc: fatal error: no input files
compilation terminated.
configure:2747: $? = 4
configure:2770: checking for C compiler default output file name
configure:2797: gcc    conftest.c  >&5
configure:2800: $? = 0
configure:2838: result: a.out
configure:2855: checking whether the C compiler works
configure:2865: ./a.out
configure:2868: $? = 0
configure:2885: result: yes
configure:2892: checking whether we are cross compiling
configure:2894: result: no
configure:2897: checking for suffix of executables
configure:2904: gcc -o conftest    conftest.c  >&5
configure:2907: $? = 0
configure:2931: result: 
configure:2937: checking for suffix of object files
configure:2963: gcc -c   conftest.c >&5
configure:2966: $? = 0
configure:2989: result: o
configure:2993: checking whether we are using the GNU C compiler
configure:3022: gcc -c   conftest.c >&5
configure:3028: $? = 0
configure:3045: result: yes
configure:3050: checking whether gcc accepts -g
configure:3080: gcc -c -g  conftest.c >&5
configure:3086: $? = 0
configure:3185: result: yes
configure:3202: checking for gcc option to accept ISO C89
configure:3276: gcc  -c -g -O2  conftest.c >&5
configure:3282: $? = 0
configure:3305: result: none needed
configure:3325: checking dependency style of gcc
configure:3435: result: gcc3
configure:3456: checking how to run the C preprocessor
configure:3496: gcc -E  conftest.c
configure:3502: $? = 0
configure:3533: gcc -E  conftest.c
conftest.c:11:28: fatal error: ac_nonexistent.h: No such file or directory
 #include <ac_nonexistent.h>
                            ^
compilation terminated.
configure:3539: $? = 1
configure: failed program was:
| /* confdefs.h.  */
| #define PACKAGE_NAME "ezstream"
| #define PACKAGE_TARNAME "ezstream"
| #define PACKAGE_VERSION "0.6.0"
| #define PACKAGE_STRING "ezstream 0.6.0"
| #define PACKAGE_BUGREPORT "https://trac.xiph.org/newticket?component=ezstream"
| #define PACKAGE "ezstream"
| #define VERSION "0.6.0"
| #define _GNU_SOURCE 1
| /* end confdefs.h.  */
| #include <ac_nonexistent.h>
configure:3572: result: gcc -E
configure:3601: gcc -E  conftest.c
configure:3607: $? = 0
configure:3638: gcc -E  conftest.c
conftest.c:11:28: fatal error: ac_nonexistent.h: No such file or directory
 #include <ac_nonexistent.h>
                            ^
compilation terminated.
configure:3644: $? = 1
configure: failed program was:
| /* confdefs.h.  */
| #define PACKAGE_NAME "ezstream"
| #define PACKAGE_TARNAME "ezstream"
| #define PACKAGE_VERSION "0.6.0"
| #define PACKAGE_STRING "ezstream 0.6.0"
| #define PACKAGE_BUGREPORT "https://trac.xiph.org/newticket?component=ezstream"
| #define PACKAGE "ezstream"
| #define VERSION "0.6.0"
| #define _GNU_SOURCE 1
| /* end confdefs.h.  */
| #include <ac_nonexistent.h>
configure:3682: checking for grep that handles long lines and -e
configure:3756: result: /usr/bin/grep
configure:3761: checking for egrep
configure:3839: result: /usr/bin/grep -E
configure:3845: checking for AIX
configure:3867: result: no
configure:3873: checking for ANSI C header files
configure:3903: gcc -c -g -O2  conftest.c >&5
configure:3909: $? = 0
configure:4008: gcc -o conftest -g -O2   conftest.c  >&5
configure:4011: $? = 0
configure:4017: ./conftest
configure:4020: $? = 0
configure:4037: result: yes
configure:4061: checking for sys/types.h
configure:4082: gcc -c -g -O2  conftest.c >&5
configure:4088: $? = 0
configure:4104: result: yes
configure:4061: checking for sys/stat.h
configure:4082: gcc -c -g -O2  conftest.c >&5
configure:4088: $? = 0
configure:4104: result: yes
configure:4061: checking for stdlib.h
configure:4082: gcc -c -g -O2  conftest.c >&5
configure:4088: $? = 0
configure:4104: result: yes
configure:4061: checking for string.h
configure:4082: gcc -c -g -O2  conftest.c >&5
configure:4088: $? = 0
configure:4104: result: yes
configure:4061: checking for memory.h
configure:4082: gcc -c -g -O2  conftest.c >&5
configure:4088: $? = 0
configure:4104: result: yes
configure:4061: checking for strings.h
configure:4082: gcc -c -g -O2  conftest.c >&5
configure:4088: $? = 0
configure:4104: result: yes
configure:4061: checking for inttypes.h
configure:4082: gcc -c -g -O2  conftest.c >&5
configure:4088: $? = 0
configure:4104: result: yes
configure:4061: checking for stdint.h
configure:4082: gcc -c -g -O2  conftest.c >&5
configure:4088: $? = 0
configure:4104: result: yes
configure:4061: checking for unistd.h
configure:4082: gcc -c -g -O2  conftest.c >&5
configure:4088: $? = 0
configure:4104: result: yes
configure:4126: checking minix/config.h usability
configure:4143: gcc -c -g -O2  conftest.c >&5
conftest.c:54:26: fatal error: minix/config.h: No such file or directory
 #include <minix/config.h>
                          ^
compilation terminated.
configure:4149: $? = 1
configure: failed program was:
| /* confdefs.h.  */
| #define PACKAGE_NAME "ezstream"
| #define PACKAGE_TARNAME "ezstream"
| #define PACKAGE_VERSION "0.6.0"
| #define PACKAGE_STRING "ezstream 0.6.0"
| #define PACKAGE_BUGREPORT "https://trac.xiph.org/newticket?component=ezstream"
| #define PACKAGE "ezstream"
| #define VERSION "0.6.0"
| #define _GNU_SOURCE 1
| #define STDC_HEADERS 1
| #define HAVE_SYS_TYPES_H 1
| #define HAVE_SYS_STAT_H 1
| #define HAVE_STDLIB_H 1
| #define HAVE_STRING_H 1
| #define HAVE_MEMORY_H 1
| #define HAVE_STRINGS_H 1
| #define HAVE_INTTYPES_H 1
| #define HAVE_STDINT_H 1
| #define HAVE_UNISTD_H 1
| /* end confdefs.h.  */
| #include <stdio.h>
| #ifdef HAVE_SYS_TYPES_H
| # include <sys/types.h>
| #endif
| #ifdef HAVE_SYS_STAT_H
| # include <sys/stat.h>
| #endif
| #ifdef STDC_HEADERS
| # include <stdlib.h>
| # include <stddef.h>
| #else
| # ifdef HAVE_STDLIB_H
| #  include <stdlib.h>
| # endif
| #endif
| #ifdef HAVE_STRING_H
| # if !defined STDC_HEADERS && defined HAVE_MEMORY_H
| #  include <memory.h>
| # endif
| # include <string.h>
| #endif
| #ifdef HAVE_STRINGS_H
| # include <strings.h>
| #endif
| #ifdef HAVE_INTTYPES_H
| # include <inttypes.h>
| #endif
| #ifdef HAVE_STDINT_H
| # include <stdint.h>
| #endif
| #ifdef HAVE_UNISTD_H
| # include <unistd.h>
| #endif
| #include <minix/config.h>
configure:4163: result: no
configure:4167: checking minix/config.h presence
configure:4182: gcc -E  conftest.c
conftest.c:21:26: fatal error: minix/config.h: No such file or directory
 #include <minix/config.h>
                          ^
compilation terminated.
configure:4188: $? = 1
configure: failed program was:
| /* confdefs.h.  */
| #define PACKAGE_NAME "ezstream"
| #define PACKAGE_TARNAME "ezstream"
| #define PACKAGE_VERSION "0.6.0"
| #define PACKAGE_STRING "ezstream 0.6.0"
| #define PACKAGE_BUGREPORT "https://trac.xiph.org/newticket?component=ezstream"
| #define PACKAGE "ezstream"
| #define VERSION "0.6.0"
| #define _GNU_SOURCE 1
| #define STDC_HEADERS 1
| #define HAVE_SYS_TYPES_H 1
| #define HAVE_SYS_STAT_H 1
| #define HAVE_STDLIB_H 1
| #define HAVE_STRING_H 1
| #define HAVE_MEMORY_H 1
| #define HAVE_STRINGS_H 1
| #define HAVE_INTTYPES_H 1
| #define HAVE_STDINT_H 1
| #define HAVE_UNISTD_H 1
| /* end confdefs.h.  */
| #include <minix/config.h>
configure:4202: result: no
configure:4235: checking for minix/config.h
configure:4242: result: no
configure:4281: checking whether it is safe to define __EXTENSIONS__
configure:4309: gcc -c -g -O2  conftest.c >&5
configure:4315: $? = 0
configure:4330: result: yes
configure:4348: checking for gcc option to accept ISO C99
configure:4507: gcc  -c -g -O2  conftest.c >&5
conftest.c:74:29: error: expected ';', ',' or ')' before 'text'
 test_restrict (ccp restrict text)
                             ^
conftest.c: In function 'main':
conftest.c:128:18: error: expected '=', ',', ';', 'asm' or '__attribute__' before 'newvar'
   char *restrict newvar = "Another string";
                  ^
conftest.c:128:18: error: 'newvar' undeclared (first use in this function)
conftest.c:128:18: note: each undeclared identifier is reported only once for each function it appears in
conftest.c:138:3: error: 'for' loop initial declarations are only allowed in C99 mode
   for (int i = 0; i < ia->datasize; ++i)
   ^
conftest.c:138:3: note: use option -std=c99 or -std=gnu99 to compile your code
configure:4513: $? = 1
configure: failed program was:
| /* confdefs.h.  */
| #define PACKAGE_NAME "ezstream"
| #define PACKAGE_TARNAME "ezstream"
| #define PACKAGE_VERSION "0.6.0"
| #define PACKAGE_STRING "ezstream 0.6.0"
| #define PACKAGE_BUGREPORT "https://trac.xiph.org/newticket?component=ezstream"
| #define PACKAGE "ezstream"
| #define VERSION "0.6.0"
| #define _GNU_SOURCE 1
| #define STDC_HEADERS 1
| #define HAVE_SYS_TYPES_H 1
| #define HAVE_SYS_STAT_H 1
| #define HAVE_STDLIB_H 1
| #define HAVE_STRING_H 1
| #define HAVE_MEMORY_H 1
| #define HAVE_STRINGS_H 1
| #define HAVE_INTTYPES_H 1
| #define HAVE_STDINT_H 1
| #define HAVE_UNISTD_H 1
| #define __EXTENSIONS__ 1
| #define _POSIX_PTHREAD_SEMANTICS 1
| #define _TANDEM_SOURCE 1
| /* end confdefs.h.  */
| #include <stdarg.h>
| #include <stdbool.h>
| #include <stdlib.h>
| #include <wchar.h>
| #include <stdio.h>
| 
| // Check varargs macros.  These examples are taken from C99 6.10.3.5.
| #define debug(...) fprintf (stderr, __VA_ARGS__)
| #define showlist(...) puts (#__VA_ARGS__)
| #define report(test,...) ((test) ? puts (#test) : printf (__VA_ARGS__))
| static void
| test_varargs_macros (void)
| {
|   int x = 1234;
|   int y = 5678;
|   debug ("Flag");
|   debug ("X = %d\n", x);
|   showlist (The first, second, and third items.);
|   report (x>y, "x is %d but y is %d", x, y);
| }
| 
| // Check long long types.
| #define BIG64 18446744073709551615ull
| #define BIG32 4294967295ul
| #define BIG_OK (BIG64 / BIG32 == 4294967297ull && BIG64 % BIG32 == 0)
| #if !BIG_OK
|   your preprocessor is broken;
| #endif
| #if BIG_OK
| #else
|   your preprocessor is broken;
| #endif
| static long long int bignum = -9223372036854775807LL;
| static unsigned long long int ubignum = BIG64;
| 
| struct incomplete_array
| {
|   int datasize;
|   double data[];
| };
| 
| struct named_init {
|   int number;
|   const wchar_t *name;
|   double average;
| };
| 
| typedef const char *ccp;
| 
| static inline int
| test_restrict (ccp restrict text)
| {
|   // See if C++-style comments work.
|   // Iterate through items via the restricted pointer.
|   // Also check for declarations in for loops.
|   for (unsigned int i = 0; *(text+i) != '\0'; ++i)
|     continue;
|   return 0;
| }
| 
| // Check varargs and va_copy.
| static void
| test_varargs (const char *format, ...)
| {
|   va_list args;
|   va_start (args, format);
|   va_list args_copy;
|   va_copy (args_copy, args);
| 
|   const char *str;
|   int number;
|   float fnumber;
| 
|   while (*format)
|     {
|       switch (*format++)
| 	{
| 	case 's': // string
| 	  str = va_arg (args_copy, const char *);
| 	  break;
| 	case 'd': // int
| 	  number = va_arg (args_copy, int);
| 	  break;
| 	case 'f': // float
| 	  fnumber = va_arg (args_copy, double);
| 	  break;
| 	default:
| 	  break;
| 	}
|     }
|   va_end (args_copy);
|   va_end (args);
| }
| 
| int
| main ()
| {
| 
|   // Check bool.
|   _Bool success = false;
| 
|   // Check restrict.
|   if (test_restrict ("String literal") == 0)
|     success = true;
|   char *restrict newvar = "Another string";
| 
|   // Check varargs.
|   test_varargs ("s, d' f .", "string", 65, 34.234);
|   test_varargs_macros ();
| 
|   // Check flexible array members.
|   struct incomplete_array *ia =
|     malloc (sizeof (struct incomplete_array) + (sizeof (double) * 10));
|   ia->datasize = 10;
|   for (int i = 0; i < ia->datasize; ++i)
|     ia->data[i] = i * 1.234;
| 
|   // Check named initializers.
|   struct named_init ni = {
|     .number = 34,
|     .name = L"Test wide string",
|     .average = 543.34343,
|   };
| 
|   ni.number = 58;
| 
|   int dynamic_array[ni.number];
|   dynamic_array[ni.number - 1] = 543;
| 
|   // work around unused variable warnings
|   return (!success || bignum == 0LL || ubignum == 0uLL || newvar[0] == 'x'
| 	  || dynamic_array[ni.number - 1] != 543);
| 
|   ;
|   return 0;
| }
configure:4507: gcc -std=gnu99 -c -g -O2  conftest.c >&5
configure:4513: $? = 0
configure:4543: result: -std=gnu99
configure:4673: checking for gcc -std=gnu99 option to accept ISO Standard C
configure:4684: result: -std=gnu99
configure:4689: checking for fgrep
configure:4767: result: /usr/bin/grep -F
configure:4778: checking build system type
configure:4796: result: x86_64-unknown-linux-gnu
configure:4818: checking host system type
configure:4833: result: x86_64-unknown-linux-gnu
configure:4882: checking whether to enable debugging
configure:4891: result: no
configure:4908: checking if gcc -std=gnu99 understands -fstack-protector
configure:4944: gcc -std=gnu99 -o conftest -g -O2 -fstack-protector   conftest.c  >&5
configure:4950: $? = 0
configure:4978: result: yes
configure:4908: checking if gcc -std=gnu99 understands -fstrict-aliasing
configure:4944: gcc -std=gnu99 -o conftest -g -O2 -fstrict-aliasing   conftest.c  >&5
configure:4950: $? = 0
configure:4978: result: yes
configure:4908: checking if gcc -std=gnu99 understands -Wall
configure:4944: gcc -std=gnu99 -o conftest -g -O2 -Wall   conftest.c  >&5
configure:4950: $? = 0
configure:4978: result: yes
configure:4908: checking if gcc -std=gnu99 understands -W
configure:4944: gcc -std=gnu99 -o conftest -g -O2 -W   conftest.c  >&5
configure:4950: $? = 0
configure:4978: result: yes
configure:4908: checking if gcc -std=gnu99 understands -Wstrict-aliasing
configure:4944: gcc -std=gnu99 -o conftest -g -O2 -Wstrict-aliasing   conftest.c  >&5
configure:4950: $? = 0
configure:4978: result: yes
configure:4908: checking if gcc -std=gnu99 understands -Wwrite-strings
configure:4944: gcc -std=gnu99 -o conftest -g -O2 -Wwrite-strings   conftest.c  >&5
configure:4950: $? = 0
configure:4978: result: yes
configure:4908: checking if gcc -std=gnu99 understands -Wpointer-arith
configure:4944: gcc -std=gnu99 -o conftest -g -O2 -Wpointer-arith   conftest.c  >&5
configure:4950: $? = 0
configure:4978: result: yes
configure:4908: checking if gcc -std=gnu99 understands -Wshadow
configure:4944: gcc -std=gnu99 -o conftest -g -O2 -Wshadow   conftest.c  >&5
configure:4950: $? = 0
configure:4978: result: yes
configure:4908: checking if gcc -std=gnu99 understands -Wconversion
configure:4944: gcc -std=gnu99 -o conftest -g -O2 -Wconversion   conftest.c  >&5
configure:4950: $? = 0
configure:4978: result: yes
configure:4908: checking if gcc -std=gnu99 understands -Wcast-qual
configure:4944: gcc -std=gnu99 -o conftest -g -O2 -Wcast-qual   conftest.c  >&5
configure:4950: $? = 0
configure:4978: result: yes
configure:4908: checking if gcc -std=gnu99 understands -Wcast-align
configure:4944: gcc -std=gnu99 -o conftest -g -O2 -Wcast-align   conftest.c  >&5
configure:4950: $? = 0
configure:4978: result: yes
configure:4908: checking if gcc -std=gnu99 understands -Wbounded
configure:4944: gcc -std=gnu99 -o conftest -g -O2 -Wbounded   conftest.c  >&5
gcc: error: unrecognized command line option '-Wbounded'
configure:4950: $? = 1
configure: failed program was:
| /* confdefs.h.  */
| #define PACKAGE_NAME "ezstream"
| #define PACKAGE_TARNAME "ezstream"
| #define PACKAGE_VERSION "0.6.0"
| #define PACKAGE_STRING "ezstream 0.6.0"
| #define PACKAGE_BUGREPORT "https://trac.xiph.org/newticket?component=ezstream"
| #define PACKAGE "ezstream"
| #define VERSION "0.6.0"
| #define _GNU_SOURCE 1
| #define STDC_HEADERS 1
| #define HAVE_SYS_TYPES_H 1
| #define HAVE_SYS_STAT_H 1
| #define HAVE_STDLIB_H 1
| #define HAVE_STRING_H 1
| #define HAVE_MEMORY_H 1
| #define HAVE_STRINGS_H 1
| #define HAVE_INTTYPES_H 1
| #define HAVE_STDINT_H 1
| #define HAVE_UNISTD_H 1
| #define __EXTENSIONS__ 1
| #define _POSIX_PTHREAD_SEMANTICS 1
| #define _TANDEM_SOURCE 1
| /* end confdefs.h.  */
| 
| int
| main ()
| {
| 
|   ;
|   return 0;
| }
configure:4995: result: no
configure:4908: checking if gcc -std=gnu99 understands -Wmissing-declarations
configure:4944: gcc -std=gnu99 -o conftest -g -O2 -Wmissing-declarations   conftest.c  >&5
configure:4950: $? = 0
configure:4978: result: yes
configure:4908: checking if gcc -std=gnu99 understands -Wmissing-prototypes
configure:4944: gcc -std=gnu99 -o conftest -g -O2 -Wmissing-prototypes   conftest.c  >&5
configure:4950: $? = 0
configure:4978: result: yes
configure:4908: checking if gcc -std=gnu99 understands -Wstrict-prototypes
configure:4944: gcc -std=gnu99 -o conftest -g -O2 -Wstrict-prototypes   conftest.c  >&5
conftest.c:26:1: warning: function declaration isn't a prototype [-Wstrict-prototypes]
 main ()
 ^
configure:4950: $? = 0
configure:4978: result: yes
configure:5003: checking if gcc -std=gnu99 understands -Wformat=2
configure:5039: gcc -std=gnu99 -o conftest -g -O2 -Wformat=2   conftest.c  >&5
configure:5045: $? = 0
configure:5073: result: yes
configure:5204: checking for an ANSI C-conforming const
configure:5279: gcc -std=gnu99 -c -g -O2  conftest.c >&5
configure:5285: $? = 0
configure:5300: result: yes
configure:5310: checking for working volatile
configure:5339: gcc -std=gnu99 -c -g -O2  conftest.c >&5
configure:5345: $? = 0
configure:5360: result: yes
configure:5384: checking for sys/time.h
configure:5409: gcc -std=gnu99 -c -g -O2  conftest.c >&5
configure:5415: $? = 0
configure:5431: result: yes
configure:5384: checking for signal.h
configure:5409: gcc -std=gnu99 -c -g -O2  conftest.c >&5
configure:5415: $? = 0
configure:5431: result: yes
configure:5384: checking for langinfo.h
configure:5409: gcc -std=gnu99 -c -g -O2  conftest.c >&5
configure:5415: $? = 0
configure:5431: result: yes
configure:5384: checking for libgen.h
configure:5409: gcc -std=gnu99 -c -g -O2  conftest.c >&5
configure:5415: $? = 0
configure:5431: result: yes
configure:5384: checking for locale.h
configure:5409: gcc -std=gnu99 -c -g -O2  conftest.c >&5
configure:5415: $? = 0
configure:5431: result: yes
configure:5384: checking for paths.h
configure:5409: gcc -std=gnu99 -c -g -O2  conftest.c >&5
configure:5415: $? = 0
configure:5431: result: yes
configure:5530: checking for size_t
configure:5560: gcc -std=gnu99 -c -g -O2  conftest.c >&5
configure:5566: $? = 0
configure:5581: result: yes
configure:5593: checking for ssize_t
configure:5623: gcc -std=gnu99 -c -g -O2  conftest.c >&5
configure:5629: $? = 0
configure:5644: result: yes
configure:5659: checking for basename in -lgen
configure:5694: gcc -std=gnu99 -o conftest -g -O2   conftest.c -lgen   >&5
/usr/bin/ld: cannot find -lgen
collect2: error: ld returned 1 exit status
configure:5700: $? = 1
configure: failed program was:
| /* confdefs.h.  */
| #define PACKAGE_NAME "ezstream"
| #define PACKAGE_TARNAME "ezstream"
| #define PACKAGE_VERSION "0.6.0"
| #define PACKAGE_STRING "ezstream 0.6.0"
| #define PACKAGE_BUGREPORT "https://trac.xiph.org/newticket?component=ezstream"
| #define PACKAGE "ezstream"
| #define VERSION "0.6.0"
| #define _GNU_SOURCE 1
| #define STDC_HEADERS 1
| #define HAVE_SYS_TYPES_H 1
| #define HAVE_SYS_STAT_H 1
| #define HAVE_STDLIB_H 1
| #define HAVE_STRING_H 1
| #define HAVE_MEMORY_H 1
| #define HAVE_STRINGS_H 1
| #define HAVE_INTTYPES_H 1
| #define HAVE_STDINT_H 1
| #define HAVE_UNISTD_H 1
| #define __EXTENSIONS__ 1
| #define _POSIX_PTHREAD_SEMANTICS 1
| #define _TANDEM_SOURCE 1
| #define HAVE_SYS_TIME_H 1
| #define HAVE_SIGNAL_H 1
| #define HAVE_LANGINFO_H 1
| #define HAVE_LIBGEN_H 1
| #define HAVE_LOCALE_H 1
| #define HAVE_PATHS_H 1
| /* end confdefs.h.  */
| 
| /* Override any GCC internal prototype to avoid an error.
|    Use char because int might match the return type of a GCC
|    builtin and then its argument prototype would still apply.  */
| #ifdef __cplusplus
| extern "C"
| #endif
| char basename ();
| int
| main ()
| {
| return basename ();
|   ;
|   return 0;
| }
configure:5718: result: no
configure:5796: checking for pkg-config
configure:5814: found /usr/bin/pkg-config
configure:5826: result: /usr/bin/pkg-config
configure:5855: checking pkg-config is at least version 0.9.0
configure:5858: result: yes
configure:5933: $PKG_CONFIG --exists --print-errors "shout"
configure:5936: $? = 0
configure:6057: checking shout/shout.h usability
configure:6074: gcc -std=gnu99 -c -g -O2 -pthread      conftest.c >&5
configure:6080: $? = 0
configure:6094: result: yes
configure:6098: checking shout/shout.h presence
configure:6113: gcc -E    conftest.c
configure:6119: $? = 0
configure:6133: result: yes
configure:6166: checking for shout/shout.h
configure:6173: result: yes
configure:6179: checking if libshout works
configure:6207: gcc -std=gnu99 -o conftest -g -O2 -pthread        				  				  			 conftest.c -lshout -lvorbis -ltheora -lspeex -logg -lm  >&5
configure:6213: $? = 0
configure:6220: result: yes
configure:6319: checking for libshout 
configure:6322: result: yes
configure:6461: $PKG_CONFIG --exists --print-errors "libxml-2.0"
configure:6464: $? = 0
configure:6530: $PKG_CONFIG --exists --print-errors "libxml-2.0 "
configure:6533: $? = 0
configure:6567: checking libxml/parser.h usability
configure:6584: gcc -std=gnu99 -c -g -O2    -I/usr/include/libxml2   conftest.c >&5
configure:6590: $? = 0
configure:6604: result: yes
configure:6608: checking libxml/parser.h presence
configure:6623: gcc -E  -I/usr/include/libxml2   conftest.c
configure:6629: $? = 0
configure:6643: result: yes
configure:6676: checking for libxml/parser.h
configure:6683: result: yes
configure:6689: checking if libxml2 works
configure:6717: gcc -std=gnu99 -o conftest -g -O2    -I/usr/include/libxml2     				  				  			 conftest.c -lxml2    >&5
configure:6723: $? = 0
configure:6730: result: yes
configure:6833: checking for libxml2 
configure:6836: result: yes
configure:6976: $PKG_CONFIG --exists --print-errors "taglib"
Package taglib was not found in the pkg-config search path.
Perhaps you should add the directory containing `taglib.pc'
to the PKG_CONFIG_PATH environment variable
No package 'taglib' found
configure:6979: $? = 1
configure:7094: $PKG_CONFIG --exists --print-errors "vorbis"
configure:7097: $? = 0
configure:7163: $PKG_CONFIG --exists --print-errors "taglib_c "
Package taglib_c was not found in the pkg-config search path.
Perhaps you should add the directory containing `taglib_c.pc'
to the PKG_CONFIG_PATH environment variable
No package 'taglib_c' found
configure:7166: $? = 1
configure:7462: checking for libtag_c
configure:7534: result: no
configure:7556: $PKG_CONFIG --exists --print-errors "vorbisfile "
configure:7559: $? = 0
configure:7592: checking vorbis/vorbisfile.h usability
configure:7609: gcc -std=gnu99 -c -g -O2      conftest.c >&5
configure:7615: $? = 0
configure:7629: result: yes
configure:7633: checking vorbis/vorbisfile.h presence
configure:7648: gcc -E    conftest.c
configure:7654: $? = 0
configure:7668: result: yes
configure:7701: checking for vorbis/vorbisfile.h
configure:7708: result: yes
configure:7714: checking if libvorbisfile works
configure:7743: gcc -std=gnu99 -o conftest -g -O2        				  				  			 conftest.c -lvorbisfile -lvorbis -lm -logg    >&5
configure:7749: $? = 0
configure:7756: result: yes
configure:7797: checking for libvorbisfile 
configure:7800: result: yes
configure:7933: checking for ld used by gcc -std=gnu99
configure:8000: result: /usr/bin/ld
configure:8009: checking if the linker (/usr/bin/ld) is GNU ld
configure:8024: result: yes
configure:8031: checking for shared library run path origin
configure:8044: result: done
configure:8626: checking for iconv
configure:8660: gcc -std=gnu99 -o conftest -g -O2   conftest.c  >&5
configure:8666: $? = 0
configure:8738: result: yes
configure:8741: checking for working iconv
configure:8871: gcc -std=gnu99 -o conftest -g -O2   conftest.c  >&5
configure:8874: $? = 0
configure:8880: ./conftest
configure:8883: $? = 0
configure:8901: result: yes
configure:8931: checking for iconv declaration
configure:8970: gcc -std=gnu99 -c -g -O2  conftest.c >&5
configure:8976: $? = 0
configure:8995: result:
         extern size_t iconv (iconv_t cd, char * *inbuf, size_t *inbytesleft, char * *outbuf, size_t *outbytesleft);
configure:9541: checking for arc4random
configure:9597: gcc -std=gnu99 -o conftest -g -O2   conftest.c  >&5
/tmp/cca7ZfI3.o: In function `main':
/usr/local/src/ezstream-0.6.0/conftest.c:67: undefined reference to `arc4random'
collect2: error: ld returned 1 exit status
configure:9603: $? = 1
configure: failed program was:
| /* confdefs.h.  */
| #define PACKAGE_NAME "ezstream"
| #define PACKAGE_TARNAME "ezstream"
| #define PACKAGE_VERSION "0.6.0"
| #define PACKAGE_STRING "ezstream 0.6.0"
| #define PACKAGE_BUGREPORT "https://trac.xiph.org/newticket?component=ezstream"
| #define PACKAGE "ezstream"
| #define VERSION "0.6.0"
| #define _GNU_SOURCE 1
| #define STDC_HEADERS 1
| #define HAVE_SYS_TYPES_H 1
| #define HAVE_SYS_STAT_H 1
| #define HAVE_STDLIB_H 1
| #define HAVE_STRING_H 1
| #define HAVE_MEMORY_H 1
| #define HAVE_STRINGS_H 1
| #define HAVE_INTTYPES_H 1
| #define HAVE_STDINT_H 1
| #define HAVE_UNISTD_H 1
| #define __EXTENSIONS__ 1
| #define _POSIX_PTHREAD_SEMANTICS 1
| #define _TANDEM_SOURCE 1
| #define HAVE_SYS_TIME_H 1
| #define HAVE_SIGNAL_H 1
| #define HAVE_LANGINFO_H 1
| #define HAVE_LIBGEN_H 1
| #define HAVE_LOCALE_H 1
| #define HAVE_PATHS_H 1
| #define HAVE_VORBISFILE 1
| #define HAVE_ICONV 1
| #define ICONV_CONST 
| /* end confdefs.h.  */
| /* Define arc4random to an innocuous variant, in case <limits.h> declares arc4random.
|    For example, HP-UX 11i <limits.h> declares gettimeofday.  */
| #define arc4random innocuous_arc4random
| 
| /* System header to define __stub macros and hopefully few prototypes,
|     which can conflict with char arc4random (); below.
|     Prefer <limits.h> to <assert.h> if __STDC__ is defined, since
|     <limits.h> exists even on freestanding compilers.  */
| 
| #ifdef __STDC__
| # include <limits.h>
| #else
| # include <assert.h>
| #endif
| 
| #undef arc4random
| 
| /* Override any GCC internal prototype to avoid an error.
|    Use char because int might match the return type of a GCC
|    builtin and then its argument prototype would still apply.  */
| #ifdef __cplusplus
| extern "C"
| #endif
| char arc4random ();
| /* The GNU C library defines this for functions which it implements
|     to always fail with ENOSYS.  Some functions are actually named
|     something starting with __ and the normal name is an alias.  */
| #if defined __stub_arc4random || defined __stub___arc4random
| choke me
| #endif
| 
| int
| main ()
| {
| return arc4random ();
|   ;
|   return 0;
| }
configure:9621: result: no
configure:9541: checking for basename
configure:9597: gcc -std=gnu99 -o conftest -g -O2   conftest.c  >&5
configure:9603: $? = 0
configure:9621: result: yes
configure:9541: checking for getopt
configure:9597: gcc -std=gnu99 -o conftest -g -O2   conftest.c  >&5
configure:9603: $? = 0
configure:9621: result: yes
configure:9541: checking for gettimeofday
configure:9597: gcc -std=gnu99 -o conftest -g -O2   conftest.c  >&5
configure:9603: $? = 0
configure:9621: result: yes
configure:9541: checking for nl_langinfo
configure:9597: gcc -std=gnu99 -o conftest -g -O2   conftest.c  >&5
configure:9603: $? = 0
configure:9621: result: yes
configure:9541: checking for pclose
configure:9597: gcc -std=gnu99 -o conftest -g -O2   conftest.c  >&5
configure:9603: $? = 0
configure:9621: result: yes
configure:9541: checking for _pclose
configure:9597: gcc -std=gnu99 -o conftest -g -O2   conftest.c  >&5
/tmp/ccutOKvl.o: In function `main':
/usr/local/src/ezstream-0.6.0/conftest.c:72: undefined reference to `_pclose'
collect2: error: ld returned 1 exit status
configure:9603: $? = 1
configure: failed program was:
| /* confdefs.h.  */
| #define PACKAGE_NAME "ezstream"
| #define PACKAGE_TARNAME "ezstream"
| #define PACKAGE_VERSION "0.6.0"
| #define PACKAGE_STRING "ezstream 0.6.0"
| #define PACKAGE_BUGREPORT "https://trac.xiph.org/newticket?component=ezstream"
| #define PACKAGE "ezstream"
| #define VERSION "0.6.0"
| #define _GNU_SOURCE 1
| #define STDC_HEADERS 1
| #define HAVE_SYS_TYPES_H 1
| #define HAVE_SYS_STAT_H 1
| #define HAVE_STDLIB_H 1
| #define HAVE_STRING_H 1
| #define HAVE_MEMORY_H 1
| #define HAVE_STRINGS_H 1
| #define HAVE_INTTYPES_H 1
| #define HAVE_STDINT_H 1
| #define HAVE_UNISTD_H 1
| #define __EXTENSIONS__ 1
| #define _POSIX_PTHREAD_SEMANTICS 1
| #define _TANDEM_SOURCE 1
| #define HAVE_SYS_TIME_H 1
| #define HAVE_SIGNAL_H 1
| #define HAVE_LANGINFO_H 1
| #define HAVE_LIBGEN_H 1
| #define HAVE_LOCALE_H 1
| #define HAVE_PATHS_H 1
| #define HAVE_VORBISFILE 1
| #define HAVE_ICONV 1
| #define ICONV_CONST 
| #define HAVE_BASENAME 1
| #define HAVE_GETOPT 1
| #define HAVE_GETTIMEOFDAY 1
| #define HAVE_NL_LANGINFO 1
| #define HAVE_PCLOSE 1
| /* end confdefs.h.  */
| /* Define _pclose to an innocuous variant, in case <limits.h> declares _pclose.
|    For example, HP-UX 11i <limits.h> declares gettimeofday.  */
| #define _pclose innocuous__pclose
| 
| /* System header to define __stub macros and hopefully few prototypes,
|     which can conflict with char _pclose (); below.
|     Prefer <limits.h> to <assert.h> if __STDC__ is defined, since
|     <limits.h> exists even on freestanding compilers.  */
| 
| #ifdef __STDC__
| # include <limits.h>
| #else
| # include <assert.h>
| #endif
| 
| #undef _pclose
| 
| /* Override any GCC internal prototype to avoid an error.
|    Use char because int might match the return type of a GCC
|    builtin and then its argument prototype would still apply.  */
| #ifdef __cplusplus
| extern "C"
| #endif
| char _pclose ();
| /* The GNU C library defines this for functions which it implements
|     to always fail with ENOSYS.  Some functions are actually named
|     something starting with __ and the normal name is an alias.  */
| #if defined __stub__pclose || defined __stub____pclose
| choke me
| #endif
| 
| int
| main ()
| {
| return _pclose ();
|   ;
|   return 0;
| }
configure:9621: result: no
configure:9541: checking for popen
configure:9597: gcc -std=gnu99 -o conftest -g -O2   conftest.c  >&5
configure:9603: $? = 0
configure:9621: result: yes
configure:9541: checking for _popen
configure:9597: gcc -std=gnu99 -o conftest -g -O2   conftest.c  >&5
/tmp/ccoi5LJp.o: In function `main':
/usr/local/src/ezstream-0.6.0/conftest.c:73: undefined reference to `_popen'
collect2: error: ld returned 1 exit status
configure:9603: $? = 1
configure: failed program was:
| /* confdefs.h.  */
| #define PACKAGE_NAME "ezstream"
| #define PACKAGE_TARNAME "ezstream"
| #define PACKAGE_VERSION "0.6.0"
| #define PACKAGE_STRING "ezstream 0.6.0"
| #define PACKAGE_BUGREPORT "https://trac.xiph.org/newticket?component=ezstream"
| #define PACKAGE "ezstream"
| #define VERSION "0.6.0"
| #define _GNU_SOURCE 1
| #define STDC_HEADERS 1
| #define HAVE_SYS_TYPES_H 1
| #define HAVE_SYS_STAT_H 1
| #define HAVE_STDLIB_H 1
| #define HAVE_STRING_H 1
| #define HAVE_MEMORY_H 1
| #define HAVE_STRINGS_H 1
| #define HAVE_INTTYPES_H 1
| #define HAVE_STDINT_H 1
| #define HAVE_UNISTD_H 1
| #define __EXTENSIONS__ 1
| #define _POSIX_PTHREAD_SEMANTICS 1
| #define _TANDEM_SOURCE 1
| #define HAVE_SYS_TIME_H 1
| #define HAVE_SIGNAL_H 1
| #define HAVE_LANGINFO_H 1
| #define HAVE_LIBGEN_H 1
| #define HAVE_LOCALE_H 1
| #define HAVE_PATHS_H 1
| #define HAVE_VORBISFILE 1
| #define HAVE_ICONV 1
| #define ICONV_CONST 
| #define HAVE_BASENAME 1
| #define HAVE_GETOPT 1
| #define HAVE_GETTIMEOFDAY 1
| #define HAVE_NL_LANGINFO 1
| #define HAVE_PCLOSE 1
| #define HAVE_POPEN 1
| /* end confdefs.h.  */
| /* Define _popen to an innocuous variant, in case <limits.h> declares _popen.
|    For example, HP-UX 11i <limits.h> declares gettimeofday.  */
| #define _popen innocuous__popen
| 
| /* System header to define __stub macros and hopefully few prototypes,
|     which can conflict with char _popen (); below.
|     Prefer <limits.h> to <assert.h> if __STDC__ is defined, since
|     <limits.h> exists even on freestanding compilers.  */
| 
| #ifdef __STDC__
| # include <limits.h>
| #else
| # include <assert.h>
| #endif
| 
| #undef _popen
| 
| /* Override any GCC internal prototype to avoid an error.
|    Use char because int might match the return type of a GCC
|    builtin and then its argument prototype would still apply.  */
| #ifdef __cplusplus
| extern "C"
| #endif
| char _popen ();
| /* The GNU C library defines this for functions which it implements
|     to always fail with ENOSYS.  Some functions are actually named
|     something starting with __ and the normal name is an alias.  */
| #if defined __stub__popen || defined __stub____popen
| choke me
| #endif
| 
| int
| main ()
| {
| return _popen ();
|   ;
|   return 0;
| }
configure:9621: result: no
configure:9541: checking for random
configure:9597: gcc -std=gnu99 -o conftest -g -O2   conftest.c  >&5
configure:9603: $? = 0
configure:9621: result: yes
configure:9541: checking for setlocale
configure:9597: gcc -std=gnu99 -o conftest -g -O2   conftest.c  >&5
configure:9603: $? = 0
configure:9621: result: yes
configure:9541: checking for snprintf
configure:9597: gcc -std=gnu99 -o conftest -g -O2   conftest.c  >&5
conftest.c:64:6: warning: conflicting types for built-in function 'snprintf' [enabled by default]
 char snprintf ();
      ^
configure:9603: $? = 0
configure:9621: result: yes
configure:9541: checking for _snprintf
configure:9597: gcc -std=gnu99 -o conftest -g -O2   conftest.c  >&5
/tmp/ccLMQOVu.o: In function `main':
/usr/local/src/ezstream-0.6.0/conftest.c:76: undefined reference to `_snprintf'
collect2: error: ld returned 1 exit status
configure:9603: $? = 1
configure: failed program was:
| /* confdefs.h.  */
| #define PACKAGE_NAME "ezstream"
| #define PACKAGE_TARNAME "ezstream"
| #define PACKAGE_VERSION "0.6.0"
| #define PACKAGE_STRING "ezstream 0.6.0"
| #define PACKAGE_BUGREPORT "https://trac.xiph.org/newticket?component=ezstream"
| #define PACKAGE "ezstream"
| #define VERSION "0.6.0"
| #define _GNU_SOURCE 1
| #define STDC_HEADERS 1
| #define HAVE_SYS_TYPES_H 1
| #define HAVE_SYS_STAT_H 1
| #define HAVE_STDLIB_H 1
| #define HAVE_STRING_H 1
| #define HAVE_MEMORY_H 1
| #define HAVE_STRINGS_H 1
| #define HAVE_INTTYPES_H 1
| #define HAVE_STDINT_H 1
| #define HAVE_UNISTD_H 1
| #define __EXTENSIONS__ 1
| #define _POSIX_PTHREAD_SEMANTICS 1
| #define _TANDEM_SOURCE 1
| #define HAVE_SYS_TIME_H 1
| #define HAVE_SIGNAL_H 1
| #define HAVE_LANGINFO_H 1
| #define HAVE_LIBGEN_H 1
| #define HAVE_LOCALE_H 1
| #define HAVE_PATHS_H 1
| #define HAVE_VORBISFILE 1
| #define HAVE_ICONV 1
| #define ICONV_CONST 
| #define HAVE_BASENAME 1
| #define HAVE_GETOPT 1
| #define HAVE_GETTIMEOFDAY 1
| #define HAVE_NL_LANGINFO 1
| #define HAVE_PCLOSE 1
| #define HAVE_POPEN 1
| #define HAVE_RANDOM 1
| #define HAVE_SETLOCALE 1
| #define HAVE_SNPRINTF 1
| /* end confdefs.h.  */
| /* Define _snprintf to an innocuous variant, in case <limits.h> declares _snprintf.
|    For example, HP-UX 11i <limits.h> declares gettimeofday.  */
| #define _snprintf innocuous__snprintf
| 
| /* System header to define __stub macros and hopefully few prototypes,
|     which can conflict with char _snprintf (); below.
|     Prefer <limits.h> to <assert.h> if __STDC__ is defined, since
|     <limits.h> exists even on freestanding compilers.  */
| 
| #ifdef __STDC__
| # include <limits.h>
| #else
| # include <assert.h>
| #endif
| 
| #undef _snprintf
| 
| /* Override any GCC internal prototype to avoid an error.
|    Use char because int might match the return type of a GCC
|    builtin and then its argument prototype would still apply.  */
| #ifdef __cplusplus
| extern "C"
| #endif
| char _snprintf ();
| /* The GNU C library defines this for functions which it implements
|     to always fail with ENOSYS.  Some functions are actually named
|     something starting with __ and the normal name is an alias.  */
| #if defined __stub__snprintf || defined __stub____snprintf
| choke me
| #endif
| 
| int
| main ()
| {
| return _snprintf ();
|   ;
|   return 0;
| }
configure:9621: result: no
configure:9541: checking for srandomdev
configure:9597: gcc -std=gnu99 -o conftest -g -O2   conftest.c  >&5
/tmp/ccAfegfx.o: In function `main':
/usr/local/src/ezstream-0.6.0/conftest.c:76: undefined reference to `srandomdev'
collect2: error: ld returned 1 exit status
configure:9603: $? = 1
configure: failed program was:
| /* confdefs.h.  */
| #define PACKAGE_NAME "ezstream"
| #define PACKAGE_TARNAME "ezstream"
| #define PACKAGE_VERSION "0.6.0"
| #define PACKAGE_STRING "ezstream 0.6.0"
| #define PACKAGE_BUGREPORT "https://trac.xiph.org/newticket?component=ezstream"
| #define PACKAGE "ezstream"
| #define VERSION "0.6.0"
| #define _GNU_SOURCE 1
| #define STDC_HEADERS 1
| #define HAVE_SYS_TYPES_H 1
| #define HAVE_SYS_STAT_H 1
| #define HAVE_STDLIB_H 1
| #define HAVE_STRING_H 1
| #define HAVE_MEMORY_H 1
| #define HAVE_STRINGS_H 1
| #define HAVE_INTTYPES_H 1
| #define HAVE_STDINT_H 1
| #define HAVE_UNISTD_H 1
| #define __EXTENSIONS__ 1
| #define _POSIX_PTHREAD_SEMANTICS 1
| #define _TANDEM_SOURCE 1
| #define HAVE_SYS_TIME_H 1
| #define HAVE_SIGNAL_H 1
| #define HAVE_LANGINFO_H 1
| #define HAVE_LIBGEN_H 1
| #define HAVE_LOCALE_H 1
| #define HAVE_PATHS_H 1
| #define HAVE_VORBISFILE 1
| #define HAVE_ICONV 1
| #define ICONV_CONST 
| #define HAVE_BASENAME 1
| #define HAVE_GETOPT 1
| #define HAVE_GETTIMEOFDAY 1
| #define HAVE_NL_LANGINFO 1
| #define HAVE_PCLOSE 1
| #define HAVE_POPEN 1
| #define HAVE_RANDOM 1
| #define HAVE_SETLOCALE 1
| #define HAVE_SNPRINTF 1
| /* end confdefs.h.  */
| /* Define srandomdev to an innocuous variant, in case <limits.h> declares srandomdev.
|    For example, HP-UX 11i <limits.h> declares gettimeofday.  */
| #define srandomdev innocuous_srandomdev
| 
| /* System header to define __stub macros and hopefully few prototypes,
|     which can conflict with char srandomdev (); below.
|     Prefer <limits.h> to <assert.h> if __STDC__ is defined, since
|     <limits.h> exists even on freestanding compilers.  */
| 
| #ifdef __STDC__
| # include <limits.h>
| #else
| # include <assert.h>
| #endif
| 
| #undef srandomdev
| 
| /* Override any GCC internal prototype to avoid an error.
|    Use char because int might match the return type of a GCC
|    builtin and then its argument prototype would still apply.  */
| #ifdef __cplusplus
| extern "C"
| #endif
| char srandomdev ();
| /* The GNU C library defines this for functions which it implements
|     to always fail with ENOSYS.  Some functions are actually named
|     something starting with __ and the normal name is an alias.  */
| #if defined __stub_srandomdev || defined __stub___srandomdev
| choke me
| #endif
| 
| int
| main ()
| {
| return srandomdev ();
|   ;
|   return 0;
| }
configure:9621: result: no
configure:9541: checking for stat
configure:9597: gcc -std=gnu99 -o conftest -g -O2   conftest.c  >&5
configure:9603: $? = 0
configure:9621: result: yes
configure:9541: checking for _stat
configure:9597: gcc -std=gnu99 -o conftest -g -O2   conftest.c  >&5
/tmp/ccv2By8C.o: In function `main':
/usr/local/src/ezstream-0.6.0/conftest.c:77: undefined reference to `_stat'
collect2: error: ld returned 1 exit status
configure:9603: $? = 1
configure: failed program was:
| /* confdefs.h.  */
| #define PACKAGE_NAME "ezstream"
| #define PACKAGE_TARNAME "ezstream"
| #define PACKAGE_VERSION "0.6.0"
| #define PACKAGE_STRING "ezstream 0.6.0"
| #define PACKAGE_BUGREPORT "https://trac.xiph.org/newticket?component=ezstream"
| #define PACKAGE "ezstream"
| #define VERSION "0.6.0"
| #define _GNU_SOURCE 1
| #define STDC_HEADERS 1
| #define HAVE_SYS_TYPES_H 1
| #define HAVE_SYS_STAT_H 1
| #define HAVE_STDLIB_H 1
| #define HAVE_STRING_H 1
| #define HAVE_MEMORY_H 1
| #define HAVE_STRINGS_H 1
| #define HAVE_INTTYPES_H 1
| #define HAVE_STDINT_H 1
| #define HAVE_UNISTD_H 1
| #define __EXTENSIONS__ 1
| #define _POSIX_PTHREAD_SEMANTICS 1
| #define _TANDEM_SOURCE 1
| #define HAVE_SYS_TIME_H 1
| #define HAVE_SIGNAL_H 1
| #define HAVE_LANGINFO_H 1
| #define HAVE_LIBGEN_H 1
| #define HAVE_LOCALE_H 1
| #define HAVE_PATHS_H 1
| #define HAVE_VORBISFILE 1
| #define HAVE_ICONV 1
| #define ICONV_CONST 
| #define HAVE_BASENAME 1
| #define HAVE_GETOPT 1
| #define HAVE_GETTIMEOFDAY 1
| #define HAVE_NL_LANGINFO 1
| #define HAVE_PCLOSE 1
| #define HAVE_POPEN 1
| #define HAVE_RANDOM 1
| #define HAVE_SETLOCALE 1
| #define HAVE_SNPRINTF 1
| #define HAVE_STAT 1
| /* end confdefs.h.  */
| /* Define _stat to an innocuous variant, in case <limits.h> declares _stat.
|    For example, HP-UX 11i <limits.h> declares gettimeofday.  */
| #define _stat innocuous__stat
| 
| /* System header to define __stub macros and hopefully few prototypes,
|     which can conflict with char _stat (); below.
|     Prefer <limits.h> to <assert.h> if __STDC__ is defined, since
|     <limits.h> exists even on freestanding compilers.  */
| 
| #ifdef __STDC__
| # include <limits.h>
| #else
| # include <assert.h>
| #endif
| 
| #undef _stat
| 
| /* Override any GCC internal prototype to avoid an error.
|    Use char because int might match the return type of a GCC
|    builtin and then its argument prototype would still apply.  */
| #ifdef __cplusplus
| extern "C"
| #endif
| char _stat ();
| /* The GNU C library defines this for functions which it implements
|     to always fail with ENOSYS.  Some functions are actually named
|     something starting with __ and the normal name is an alias.  */
| #if defined __stub__stat || defined __stub____stat
| choke me
| #endif
| 
| int
| main ()
| {
| return _stat ();
|   ;
|   return 0;
| }
configure:9621: result: no
configure:9541: checking for strncasecmp
configure:9597: gcc -std=gnu99 -o conftest -g -O2   conftest.c  >&5
conftest.c:66:6: warning: conflicting types for built-in function 'strncasecmp' [enabled by default]
 char strncasecmp ();
      ^
configure:9603: $? = 0
configure:9621: result: yes
configure:9541: checking for strnicmp
configure:9597: gcc -std=gnu99 -o conftest -g -O2   conftest.c  >&5
/tmp/ccyXPUAH.o: In function `main':
/usr/local/src/ezstream-0.6.0/conftest.c:78: undefined reference to `strnicmp'
collect2: error: ld returned 1 exit status
configure:9603: $? = 1
configure: failed program was:
| /* confdefs.h.  */
| #define PACKAGE_NAME "ezstream"
| #define PACKAGE_TARNAME "ezstream"
| #define PACKAGE_VERSION "0.6.0"
| #define PACKAGE_STRING "ezstream 0.6.0"
| #define PACKAGE_BUGREPORT "https://trac.xiph.org/newticket?component=ezstream"
| #define PACKAGE "ezstream"
| #define VERSION "0.6.0"
| #define _GNU_SOURCE 1
| #define STDC_HEADERS 1
| #define HAVE_SYS_TYPES_H 1
| #define HAVE_SYS_STAT_H 1
| #define HAVE_STDLIB_H 1
| #define HAVE_STRING_H 1
| #define HAVE_MEMORY_H 1
| #define HAVE_STRINGS_H 1
| #define HAVE_INTTYPES_H 1
| #define HAVE_STDINT_H 1
| #define HAVE_UNISTD_H 1
| #define __EXTENSIONS__ 1
| #define _POSIX_PTHREAD_SEMANTICS 1
| #define _TANDEM_SOURCE 1
| #define HAVE_SYS_TIME_H 1
| #define HAVE_SIGNAL_H 1
| #define HAVE_LANGINFO_H 1
| #define HAVE_LIBGEN_H 1
| #define HAVE_LOCALE_H 1
| #define HAVE_PATHS_H 1
| #define HAVE_VORBISFILE 1
| #define HAVE_ICONV 1
| #define ICONV_CONST 
| #define HAVE_BASENAME 1
| #define HAVE_GETOPT 1
| #define HAVE_GETTIMEOFDAY 1
| #define HAVE_NL_LANGINFO 1
| #define HAVE_PCLOSE 1
| #define HAVE_POPEN 1
| #define HAVE_RANDOM 1
| #define HAVE_SETLOCALE 1
| #define HAVE_SNPRINTF 1
| #define HAVE_STAT 1
| #define HAVE_STRNCASECMP 1
| /* end confdefs.h.  */
| /* Define strnicmp to an innocuous variant, in case <limits.h> declares strnicmp.
|    For example, HP-UX 11i <limits.h> declares gettimeofday.  */
| #define strnicmp innocuous_strnicmp
| 
| /* System header to define __stub macros and hopefully few prototypes,
|     which can conflict with char strnicmp (); below.
|     Prefer <limits.h> to <assert.h> if __STDC__ is defined, since
|     <limits.h> exists even on freestanding compilers.  */
| 
| #ifdef __STDC__
| # include <limits.h>
| #else
| # include <assert.h>
| #endif
| 
| #undef strnicmp
| 
| /* Override any GCC internal prototype to avoid an error.
|    Use char because int might match the return type of a GCC
|    builtin and then its argument prototype would still apply.  */
| #ifdef __cplusplus
| extern "C"
| #endif
| char strnicmp ();
| /* The GNU C library defines this for functions which it implements
|     to always fail with ENOSYS.  Some functions are actually named
|     something starting with __ and the normal name is an alias.  */
| #if defined __stub_strnicmp || defined __stub___strnicmp
| choke me
| #endif
| 
| int
| main ()
| {
| return strnicmp ();
|   ;
|   return 0;
| }
configure:9621: result: no
configure:9541: checking for strtoll
configure:9597: gcc -std=gnu99 -o conftest -g -O2   conftest.c  >&5
configure:9603: $? = 0
configure:9621: result: yes
configure:9541: checking for _strtoi64
configure:9597: gcc -std=gnu99 -o conftest -g -O2   conftest.c  >&5
/tmp/ccFtawmP.o: In function `main':
/usr/local/src/ezstream-0.6.0/conftest.c:79: undefined reference to `_strtoi64'
collect2: error: ld returned 1 exit status
configure:9603: $? = 1
configure: failed program was:
| /* confdefs.h.  */
| #define PACKAGE_NAME "ezstream"
| #define PACKAGE_TARNAME "ezstream"
| #define PACKAGE_VERSION "0.6.0"
| #define PACKAGE_STRING "ezstream 0.6.0"
| #define PACKAGE_BUGREPORT "https://trac.xiph.org/newticket?component=ezstream"
| #define PACKAGE "ezstream"
| #define VERSION "0.6.0"
| #define _GNU_SOURCE 1
| #define STDC_HEADERS 1
| #define HAVE_SYS_TYPES_H 1
| #define HAVE_SYS_STAT_H 1
| #define HAVE_STDLIB_H 1
| #define HAVE_STRING_H 1
| #define HAVE_MEMORY_H 1
| #define HAVE_STRINGS_H 1
| #define HAVE_INTTYPES_H 1
| #define HAVE_STDINT_H 1
| #define HAVE_UNISTD_H 1
| #define __EXTENSIONS__ 1
| #define _POSIX_PTHREAD_SEMANTICS 1
| #define _TANDEM_SOURCE 1
| #define HAVE_SYS_TIME_H 1
| #define HAVE_SIGNAL_H 1
| #define HAVE_LANGINFO_H 1
| #define HAVE_LIBGEN_H 1
| #define HAVE_LOCALE_H 1
| #define HAVE_PATHS_H 1
| #define HAVE_VORBISFILE 1
| #define HAVE_ICONV 1
| #define ICONV_CONST 
| #define HAVE_BASENAME 1
| #define HAVE_GETOPT 1
| #define HAVE_GETTIMEOFDAY 1
| #define HAVE_NL_LANGINFO 1
| #define HAVE_PCLOSE 1
| #define HAVE_POPEN 1
| #define HAVE_RANDOM 1
| #define HAVE_SETLOCALE 1
| #define HAVE_SNPRINTF 1
| #define HAVE_STAT 1
| #define HAVE_STRNCASECMP 1
| #define HAVE_STRTOLL 1
| /* end confdefs.h.  */
| /* Define _strtoi64 to an innocuous variant, in case <limits.h> declares _strtoi64.
|    For example, HP-UX 11i <limits.h> declares gettimeofday.  */
| #define _strtoi64 innocuous__strtoi64
| 
| /* System header to define __stub macros and hopefully few prototypes,
|     which can conflict with char _strtoi64 (); below.
|     Prefer <limits.h> to <assert.h> if __STDC__ is defined, since
|     <limits.h> exists even on freestanding compilers.  */
| 
| #ifdef __STDC__
| # include <limits.h>
| #else
| # include <assert.h>
| #endif
| 
| #undef _strtoi64
| 
| /* Override any GCC internal prototype to avoid an error.
|    Use char because int might match the return type of a GCC
|    builtin and then its argument prototype would still apply.  */
| #ifdef __cplusplus
| extern "C"
| #endif
| char _strtoi64 ();
| /* The GNU C library defines this for functions which it implements
|     to always fail with ENOSYS.  Some functions are actually named
|     something starting with __ and the normal name is an alias.  */
| #if defined __stub__strtoi64 || defined __stub____strtoi64
| choke me
| #endif
| 
| int
| main ()
| {
| return _strtoi64 ();
|   ;
|   return 0;
| }
configure:9621: result: no
configure:9642: checking for strlcat
configure:9698: gcc -std=gnu99 -o conftest -g -O2   conftest.c  >&5
/tmp/cc4TzJLS.o: In function `main':
/usr/local/src/ezstream-0.6.0/conftest.c:79: undefined reference to `strlcat'
collect2: error: ld returned 1 exit status
configure:9704: $? = 1
configure: failed program was:
| /* confdefs.h.  */
| #define PACKAGE_NAME "ezstream"
| #define PACKAGE_TARNAME "ezstream"
| #define PACKAGE_VERSION "0.6.0"
| #define PACKAGE_STRING "ezstream 0.6.0"
| #define PACKAGE_BUGREPORT "https://trac.xiph.org/newticket?component=ezstream"
| #define PACKAGE "ezstream"
| #define VERSION "0.6.0"
| #define _GNU_SOURCE 1
| #define STDC_HEADERS 1
| #define HAVE_SYS_TYPES_H 1
| #define HAVE_SYS_STAT_H 1
| #define HAVE_STDLIB_H 1
| #define HAVE_STRING_H 1
| #define HAVE_MEMORY_H 1
| #define HAVE_STRINGS_H 1
| #define HAVE_INTTYPES_H 1
| #define HAVE_STDINT_H 1
| #define HAVE_UNISTD_H 1
| #define __EXTENSIONS__ 1
| #define _POSIX_PTHREAD_SEMANTICS 1
| #define _TANDEM_SOURCE 1
| #define HAVE_SYS_TIME_H 1
| #define HAVE_SIGNAL_H 1
| #define HAVE_LANGINFO_H 1
| #define HAVE_LIBGEN_H 1
| #define HAVE_LOCALE_H 1
| #define HAVE_PATHS_H 1
| #define HAVE_VORBISFILE 1
| #define HAVE_ICONV 1
| #define ICONV_CONST 
| #define HAVE_BASENAME 1
| #define HAVE_GETOPT 1
| #define HAVE_GETTIMEOFDAY 1
| #define HAVE_NL_LANGINFO 1
| #define HAVE_PCLOSE 1
| #define HAVE_POPEN 1
| #define HAVE_RANDOM 1
| #define HAVE_SETLOCALE 1
| #define HAVE_SNPRINTF 1
| #define HAVE_STAT 1
| #define HAVE_STRNCASECMP 1
| #define HAVE_STRTOLL 1
| /* end confdefs.h.  */
| /* Define strlcat to an innocuous variant, in case <limits.h> declares strlcat.
|    For example, HP-UX 11i <limits.h> declares gettimeofday.  */
| #define strlcat innocuous_strlcat
| 
| /* System header to define __stub macros and hopefully few prototypes,
|     which can conflict with char strlcat (); below.
|     Prefer <limits.h> to <assert.h> if __STDC__ is defined, since
|     <limits.h> exists even on freestanding compilers.  */
| 
| #ifdef __STDC__
| # include <limits.h>
| #else
| # include <assert.h>
| #endif
| 
| #undef strlcat
| 
| /* Override any GCC internal prototype to avoid an error.
|    Use char because int might match the return type of a GCC
|    builtin and then its argument prototype would still apply.  */
| #ifdef __cplusplus
| extern "C"
| #endif
| char strlcat ();
| /* The GNU C library defines this for functions which it implements
|     to always fail with ENOSYS.  Some functions are actually named
|     something starting with __ and the normal name is an alias.  */
| #if defined __stub_strlcat || defined __stub___strlcat
| choke me
| #endif
| 
| int
| main ()
| {
| return strlcat ();
|   ;
|   return 0;
| }
configure:9722: result: no
configure:9642: checking for strlcpy
configure:9698: gcc -std=gnu99 -o conftest -g -O2   conftest.c  >&5
/tmp/ccrOK14U.o: In function `main':
/usr/local/src/ezstream-0.6.0/conftest.c:79: undefined reference to `strlcpy'
collect2: error: ld returned 1 exit status
configure:9704: $? = 1
configure: failed program was:
| /* confdefs.h.  */
| #define PACKAGE_NAME "ezstream"
| #define PACKAGE_TARNAME "ezstream"
| #define PACKAGE_VERSION "0.6.0"
| #define PACKAGE_STRING "ezstream 0.6.0"
| #define PACKAGE_BUGREPORT "https://trac.xiph.org/newticket?component=ezstream"
| #define PACKAGE "ezstream"
| #define VERSION "0.6.0"
| #define _GNU_SOURCE 1
| #define STDC_HEADERS 1
| #define HAVE_SYS_TYPES_H 1
| #define HAVE_SYS_STAT_H 1
| #define HAVE_STDLIB_H 1
| #define HAVE_STRING_H 1
| #define HAVE_MEMORY_H 1
| #define HAVE_STRINGS_H 1
| #define HAVE_INTTYPES_H 1
| #define HAVE_STDINT_H 1
| #define HAVE_UNISTD_H 1
| #define __EXTENSIONS__ 1
| #define _POSIX_PTHREAD_SEMANTICS 1
| #define _TANDEM_SOURCE 1
| #define HAVE_SYS_TIME_H 1
| #define HAVE_SIGNAL_H 1
| #define HAVE_LANGINFO_H 1
| #define HAVE_LIBGEN_H 1
| #define HAVE_LOCALE_H 1
| #define HAVE_PATHS_H 1
| #define HAVE_VORBISFILE 1
| #define HAVE_ICONV 1
| #define ICONV_CONST 
| #define HAVE_BASENAME 1
| #define HAVE_GETOPT 1
| #define HAVE_GETTIMEOFDAY 1
| #define HAVE_NL_LANGINFO 1
| #define HAVE_PCLOSE 1
| #define HAVE_POPEN 1
| #define HAVE_RANDOM 1
| #define HAVE_SETLOCALE 1
| #define HAVE_SNPRINTF 1
| #define HAVE_STAT 1
| #define HAVE_STRNCASECMP 1
| #define HAVE_STRTOLL 1
| /* end confdefs.h.  */
| /* Define strlcpy to an innocuous variant, in case <limits.h> declares strlcpy.
|    For example, HP-UX 11i <limits.h> declares gettimeofday.  */
| #define strlcpy innocuous_strlcpy
| 
| /* System header to define __stub macros and hopefully few prototypes,
|     which can conflict with char strlcpy (); below.
|     Prefer <limits.h> to <assert.h> if __STDC__ is defined, since
|     <limits.h> exists even on freestanding compilers.  */
| 
| #ifdef __STDC__
| # include <limits.h>
| #else
| # include <assert.h>
| #endif
| 
| #undef strlcpy
| 
| /* Override any GCC internal prototype to avoid an error.
|    Use char because int might match the return type of a GCC
|    builtin and then its argument prototype would still apply.  */
| #ifdef __cplusplus
| extern "C"
| #endif
| char strlcpy ();
| /* The GNU C library defines this for functions which it implements
|     to always fail with ENOSYS.  Some functions are actually named
|     something starting with __ and the normal name is an alias.  */
| #if defined __stub_strlcpy || defined __stub___strlcpy
| choke me
| #endif
| 
| int
| main ()
| {
| return strlcpy ();
|   ;
|   return 0;
| }
configure:9722: result: no
configure:9642: checking for strtonum
configure:9698: gcc -std=gnu99 -o conftest -g -O2   conftest.c  >&5
/tmp/ccdLouiW.o: In function `main':
/usr/local/src/ezstream-0.6.0/conftest.c:79: undefined reference to `strtonum'
collect2: error: ld returned 1 exit status
configure:9704: $? = 1
configure: failed program was:
| /* confdefs.h.  */
| #define PACKAGE_NAME "ezstream"
| #define PACKAGE_TARNAME "ezstream"
| #define PACKAGE_VERSION "0.6.0"
| #define PACKAGE_STRING "ezstream 0.6.0"
| #define PACKAGE_BUGREPORT "https://trac.xiph.org/newticket?component=ezstream"
| #define PACKAGE "ezstream"
| #define VERSION "0.6.0"
| #define _GNU_SOURCE 1
| #define STDC_HEADERS 1
| #define HAVE_SYS_TYPES_H 1
| #define HAVE_SYS_STAT_H 1
| #define HAVE_STDLIB_H 1
| #define HAVE_STRING_H 1
| #define HAVE_MEMORY_H 1
| #define HAVE_STRINGS_H 1
| #define HAVE_INTTYPES_H 1
| #define HAVE_STDINT_H 1
| #define HAVE_UNISTD_H 1
| #define __EXTENSIONS__ 1
| #define _POSIX_PTHREAD_SEMANTICS 1
| #define _TANDEM_SOURCE 1
| #define HAVE_SYS_TIME_H 1
| #define HAVE_SIGNAL_H 1
| #define HAVE_LANGINFO_H 1
| #define HAVE_LIBGEN_H 1
| #define HAVE_LOCALE_H 1
| #define HAVE_PATHS_H 1
| #define HAVE_VORBISFILE 1
| #define HAVE_ICONV 1
| #define ICONV_CONST 
| #define HAVE_BASENAME 1
| #define HAVE_GETOPT 1
| #define HAVE_GETTIMEOFDAY 1
| #define HAVE_NL_LANGINFO 1
| #define HAVE_PCLOSE 1
| #define HAVE_POPEN 1
| #define HAVE_RANDOM 1
| #define HAVE_SETLOCALE 1
| #define HAVE_SNPRINTF 1
| #define HAVE_STAT 1
| #define HAVE_STRNCASECMP 1
| #define HAVE_STRTOLL 1
| /* end confdefs.h.  */
| /* Define strtonum to an innocuous variant, in case <limits.h> declares strtonum.
|    For example, HP-UX 11i <limits.h> declares gettimeofday.  */
| #define strtonum innocuous_strtonum
| 
| /* System header to define __stub macros and hopefully few prototypes,
|     which can conflict with char strtonum (); below.
|     Prefer <limits.h> to <assert.h> if __STDC__ is defined, since
|     <limits.h> exists even on freestanding compilers.  */
| 
| #ifdef __STDC__
| # include <limits.h>
| #else
| # include <assert.h>
| #endif
| 
| #undef strtonum
| 
| /* Override any GCC internal prototype to avoid an error.
|    Use char because int might match the return type of a GCC
|    builtin and then its argument prototype would still apply.  */
| #ifdef __cplusplus
| extern "C"
| #endif
| char strtonum ();
| /* The GNU C library defines this for functions which it implements
|     to always fail with ENOSYS.  Some functions are actually named
|     something starting with __ and the normal name is an alias.  */
| #if defined __stub_strtonum || defined __stub___strtonum
| choke me
| #endif
| 
| int
| main ()
| {
| return strtonum ();
|   ;
|   return 0;
| }
configure:9722: result: no
configure:9742: checking for means to copy variable argument lists
configure:9774: gcc -std=gnu99 -o conftest -g -O2   conftest.c  >&5
configure:9780: $? = 0
configure:9852: result: va_copy
configure:9880: checking for sigaction
configure:9936: gcc -std=gnu99 -o conftest -g -O2   conftest.c  >&5
configure:9942: $? = 0
configure:9960: result: yes
configure:9980: checking whether libc defines __progname
configure:10018: gcc -std=gnu99 -o conftest -g -O2   conftest.c  >&5
configure:10024: $? = 0
configure:10051: result: yes
configure:10199: creating ./config.status

## ---------------------- ##
## Running config.status. ##
## ---------------------- ##

This file was extended by ezstream config.status 0.6.0, which was
generated by GNU Autoconf 2.61.  Invocation command line was

  CONFIG_FILES    = 
  CONFIG_HEADERS  = 
  CONFIG_LINKS    = 
  CONFIG_COMMANDS = 
  $ ./config.status 

on centos7

config.status:690: creating Makefile
config.status:690: creating build-aux/Makefile
config.status:690: creating compat/Makefile
config.status:690: creating compat/sys/Makefile
config.status:690: creating doc/Makefile
config.status:690: creating doc/ezstream-file.sh.1.in
config.status:690: creating doc/ezstream.1.in
config.status:690: creating examples/Makefile
config.status:690: creating m4/Makefile
config.status:690: creating src/Makefile
config.status:690: creating src/ezstream-file.sh
config.status:690: creating win32/Makefile
config.status:690: creating win32/shout/Makefile
config.status:690: creating src/config.h
config.status:991: executing depfiles commands

## ---------------- ##
## Cache variables. ##
## ---------------- ##

_cv_sufx_=Wformat_2
ac_cv_build=x86_64-unknown-linux-gnu
ac_cv_c_compiler_gnu=yes
ac_cv_c_const=yes
ac_cv_c_volatile=yes
ac_cv_env_CC_set=
ac_cv_env_CC_value=
ac_cv_env_CFLAGS_set=
ac_cv_env_CFLAGS_value=
ac_cv_env_CPPFLAGS_set=
ac_cv_env_CPPFLAGS_value=
ac_cv_env_CPP_set=
ac_cv_env_CPP_value=
ac_cv_env_LDFLAGS_set=
ac_cv_env_LDFLAGS_value=
ac_cv_env_LIBSHOUT_CFLAGS_set=
ac_cv_env_LIBSHOUT_CFLAGS_value=
ac_cv_env_LIBSHOUT_CPPFLAGS_set=
ac_cv_env_LIBSHOUT_CPPFLAGS_value=
ac_cv_env_LIBSHOUT_LDFLAGS_set=
ac_cv_env_LIBSHOUT_LDFLAGS_value=
ac_cv_env_LIBSHOUT_LIBS_set=
ac_cv_env_LIBSHOUT_LIBS_value=
ac_cv_env_LIBS_set=
ac_cv_env_LIBS_value=
ac_cv_env_LIBVORBISFILE_LIBS_set=
ac_cv_env_LIBVORBISFILE_LIBS_value=
ac_cv_env_LIBXML2_CFLAGS_set=
ac_cv_env_LIBXML2_CFLAGS_value=
ac_cv_env_LIBXML2_CPPFLAGS_set=
ac_cv_env_LIBXML2_CPPFLAGS_value=
ac_cv_env_LIBXML2_LDFLAGS_set=
ac_cv_env_LIBXML2_LDFLAGS_value=
ac_cv_env_LIBXML2_LIBS_set=
ac_cv_env_LIBXML2_LIBS_value=
ac_cv_env_PKG_CONFIG_LIBDIR_set=
ac_cv_env_PKG_CONFIG_LIBDIR_value=
ac_cv_env_PKG_CONFIG_PATH_set=
ac_cv_env_PKG_CONFIG_PATH_value=
ac_cv_env_PKG_CONFIG_set=
ac_cv_env_PKG_CONFIG_value=
ac_cv_env_TAGLIB_CFLAGS_set=
ac_cv_env_TAGLIB_CFLAGS_value=
ac_cv_env_TAGLIB_CPPFLAGS_set=
ac_cv_env_TAGLIB_CPPFLAGS_value=
ac_cv_env_TAGLIB_C_LIBS_set=
ac_cv_env_TAGLIB_C_LIBS_value=
ac_cv_env_TAGLIB_LDFLAGS_set=
ac_cv_env_TAGLIB_LDFLAGS_value=
ac_cv_env_VORBIS_CFLAGS_set=
ac_cv_env_VORBIS_CFLAGS_value=
ac_cv_env_VORBIS_CPPFLAGS_set=
ac_cv_env_VORBIS_CPPFLAGS_value=
ac_cv_env_VORBIS_LDFLAGS_set=
ac_cv_env_VORBIS_LDFLAGS_value=
ac_cv_env_build_alias_set=
ac_cv_env_build_alias_value=
ac_cv_env_host_alias_set=
ac_cv_env_host_alias_value=
ac_cv_env_target_alias_set=
ac_cv_env_target_alias_value=
ac_cv_func__pclose=no
ac_cv_func__popen=no
ac_cv_func__snprintf=no
ac_cv_func__stat=no
ac_cv_func__strtoi64=no
ac_cv_func_arc4random=no
ac_cv_func_basename=yes
ac_cv_func_getopt=yes
ac_cv_func_gettimeofday=yes
ac_cv_func_nl_langinfo=yes
ac_cv_func_pclose=yes
ac_cv_func_popen=yes
ac_cv_func_random=yes
ac_cv_func_setlocale=yes
ac_cv_func_sigaction=yes
ac_cv_func_snprintf=yes
ac_cv_func_srandomdev=no
ac_cv_func_stat=yes
ac_cv_func_strlcat=no
ac_cv_func_strlcpy=no
ac_cv_func_strncasecmp=yes
ac_cv_func_strnicmp=no
ac_cv_func_strtoll=yes
ac_cv_func_strtonum=no
ac_cv_header_inttypes_h=yes
ac_cv_header_langinfo_h=yes
ac_cv_header_libgen_h=yes
ac_cv_header_libxml_parser_h=yes
ac_cv_header_locale_h=yes
ac_cv_header_memory_h=yes
ac_cv_header_minix_config_h=no
ac_cv_header_paths_h=yes
ac_cv_header_shout_shout_h=yes
ac_cv_header_signal_h=yes
ac_cv_header_stdc=yes
ac_cv_header_stdint_h=yes
ac_cv_header_stdlib_h=yes
ac_cv_header_string_h=yes
ac_cv_header_strings_h=yes
ac_cv_header_sys_stat_h=yes
ac_cv_header_sys_time_h=yes
ac_cv_header_sys_types_h=yes
ac_cv_header_unistd_h=yes
ac_cv_header_vorbis_vorbisfile_h=yes
ac_cv_host=x86_64-unknown-linux-gnu
ac_cv_lib_gen_basename=no
ac_cv_objext=o
ac_cv_path_EGREP='/usr/bin/grep -E'
ac_cv_path_FGREP='/usr/bin/grep -F'
ac_cv_path_GREP=/usr/bin/grep
ac_cv_path_ac_pt_PKG_CONFIG=/usr/bin/pkg-config
ac_cv_path_install='/usr/bin/install -c'
ac_cv_path_mkdir=/usr/bin/mkdir
ac_cv_prog_AWK=gawk
ac_cv_prog_CPP='gcc -E'
ac_cv_prog_ac_ct_CC=gcc
ac_cv_prog_cc_c89=
ac_cv_prog_cc_c99=-std=gnu99
ac_cv_prog_cc_g=yes
ac_cv_prog_cc_stdc=-std=gnu99
ac_cv_prog_make_make_set=yes
ac_cv_safe_to_define___extensions__=yes
ac_cv_type_size_t=yes
ac_cv_type_ssize_t=yes
acl_cv_hardcode_direct=no
acl_cv_hardcode_libdir_flag_spec='${wl}-rpath ${wl}$libdir'
acl_cv_hardcode_libdir_separator=
acl_cv_hardcode_minus_L=no
acl_cv_libext=a
acl_cv_path_LD=/usr/bin/ld
acl_cv_prog_gnu_ld=yes
acl_cv_rpath=done
acl_cv_shlibext=so
acl_cv_wl=-Wl,
am_cv_CC_dependencies_compiler_type=gcc3
am_cv_func_iconv=yes
am_cv_func_iconv_works=yes
am_cv_lib_iconv=no
am_cv_proto_iconv='extern size_t iconv (iconv_t cd, char * *inbuf, size_t *inbytesleft, char * *outbuf, size_t *outbytesleft);'
am_cv_proto_iconv_arg1=
local_ac_cv_func_va_copy=va_copy
local_cv_have_lib_libshout=yes
local_cv_have_lib_libshout_opts=yes
local_cv_have_lib_libvorbis_opts=yes
local_cv_have_lib_libvorbisfile=yes
local_cv_have_lib_libxml2=yes
local_cv_have_lib_libxml2_opts=yes
local_cv_have_lib_taglib_c=no
local_cv_have_lib_taglib_opts=yes
local_cv_libc_defines___progname=yes
local_cv_prog_cc_W=yes
local_cv_prog_cc_Wall=yes
local_cv_prog_cc_Wbounded=no
local_cv_prog_cc_Wcast_align=yes
local_cv_prog_cc_Wcast_qual=yes
local_cv_prog_cc_Wconversion=yes
local_cv_prog_cc_Wformat_2=yes
local_cv_prog_cc_Wmissing_declarations=yes
local_cv_prog_cc_Wmissing_prototypes=yes
local_cv_prog_cc_Wpointer_arith=yes
local_cv_prog_cc_Wshadow=yes
local_cv_prog_cc_Wstrict_aliasing=yes
local_cv_prog_cc_Wstrict_prototypes=yes
local_cv_prog_cc_Wwrite_strings=yes
local_cv_prog_cc_fstack_protector=yes
local_cv_prog_cc_fstrict_aliasing=yes

## ----------------- ##
## Output variables. ##
## ----------------- ##

ACLOCAL='${SHELL} /usr/local/src/ezstream-0.6.0/build-aux/missing --run aclocal-1.10'
AMDEPBACKSLASH='\'
AMDEP_FALSE='#'
AMDEP_TRUE=''
AMTAR='${SHELL} /usr/local/src/ezstream-0.6.0/build-aux/missing --run tar'
AUTOCONF='${SHELL} /usr/local/src/ezstream-0.6.0/build-aux/missing --run autoconf'
AUTOHEADER='${SHELL} /usr/local/src/ezstream-0.6.0/build-aux/missing --run autoheader'
AUTOMAKE='${SHELL} /usr/local/src/ezstream-0.6.0/build-aux/missing --run automake-1.10'
AWK='gawk'
BUILD_DATE='September 05, 2015'
CC='gcc -std=gnu99'
CCDEPMODE='depmode=gcc3'
CFLAGS='-g -O2'
COMPAT_INCLUDES=''
CPP='gcc -E'
CPPFLAGS=''
CYGPATH_W='echo'
DEFS='-DHAVE_CONFIG_H'
DEPDIR='.deps'
ECHO_C=''
ECHO_N='-n'
ECHO_T=''
EGREP='/usr/bin/grep -E'
EXAMPLES_DIR='$(datadir)/examples/ezstream'
EXEEXT=''
EZ_CFLAGS='-fstack-protector -fstrict-aliasing -Wall -W -Wstrict-aliasing -Wwrite-strings -Wpointer-arith -Wshadow -Wconversion -Wcast-qual -Wcast-align -Wmissing-declarations -Wmissing-prototypes -Wstrict-prototypes -Wformat=2 -pthread'
EZ_CPPFLAGS='-I/usr/include/libxml2'
EZ_LDFLAGS=''
EZ_LIBS='-lvorbisfile -lxml2 -lshout -lvorbis -ltheora -lspeex -logg -lm'
FGREP='/usr/bin/grep -F'
GREP='/usr/bin/grep'
INSTALL_DATA='${INSTALL} -m 644'
INSTALL_PROGRAM='${INSTALL}'
INSTALL_SCRIPT='${INSTALL}'
INSTALL_STRIP_PROGRAM='$(install_sh) -c -s'
LDFLAGS=''
LIBICONV=''
LIBOBJS=' ${LIBOBJDIR}strlcat$U.o ${LIBOBJDIR}strlcpy$U.o ${LIBOBJDIR}strtonum$U.o'
LIBS=''
LIBSHOUT_CFLAGS='-pthread  '
LIBSHOUT_CPPFLAGS=' '
LIBSHOUT_LDFLAGS=' 				  				  			'
LIBSHOUT_LIBS='-lshout -lvorbis -ltheora -lspeex -logg -lm'
LIBVORBISFILE_LIBS='-lvorbisfile -lvorbis -lm -logg  '
LIBXML2_CFLAGS=' '
LIBXML2_CPPFLAGS='-I/usr/include/libxml2  '
LIBXML2_LDFLAGS=' 				  				  			'
LIBXML2_LIBS='-lxml2  '
LTLIBICONV=''
LTLIBOBJS=' ${LIBOBJDIR}strlcat$U.lo ${LIBOBJDIR}strlcpy$U.lo ${LIBOBJDIR}strtonum$U.lo'
MAINT='#'
MAINTAINER_MODE_FALSE=''
MAINTAINER_MODE_TRUE='#'
MAKEINFO='${SHELL} /usr/local/src/ezstream-0.6.0/build-aux/missing --run makeinfo'
OBJEXT='o'
PACKAGE='ezstream'
PACKAGE_BUGREPORT='https://trac.xiph.org/newticket?component=ezstream'
PACKAGE_NAME='ezstream'
PACKAGE_STRING='ezstream 0.6.0'
PACKAGE_TARNAME='ezstream'
PACKAGE_VERSION='0.6.0'
PATH_SEPARATOR=':'
PKG_CONFIG='/usr/bin/pkg-config'
PKG_CONFIG_LIBDIR=''
PKG_CONFIG_PATH=''
SET_MAKE=''
SHELL='/bin/sh'
STRIP=''
TAGLIB_CFLAGS=''
TAGLIB_CPPFLAGS=''
TAGLIB_C_LIBS=''
TAGLIB_LDFLAGS=''
VERSION='0.6.0'
VORBIS_CFLAGS=' '
VORBIS_CPPFLAGS=' '
VORBIS_LDFLAGS=' 				  				  			'
ac_ct_CC='gcc'
am__fastdepCC_FALSE='#'
am__fastdepCC_TRUE=''
am__include='include'
am__isrc=''
am__leading_dot='.'
am__quote=''
am__tar='${AMTAR} chof - "$$tardir"'
am__untar='${AMTAR} xf -'
bindir='${exec_prefix}/bin'
build='x86_64-unknown-linux-gnu'
build_alias=''
build_cpu='x86_64'
build_os='linux-gnu'
build_vendor='unknown'
datadir='${datarootdir}'
datarootdir='${prefix}/share'
docdir='${datarootdir}/doc/${PACKAGE_TARNAME}'
dvidir='${docdir}'
exec_prefix='${prefix}'
host='x86_64-unknown-linux-gnu'
host_alias=''
host_cpu='x86_64'
host_os='linux-gnu'
host_vendor='unknown'
htmldir='${docdir}'
includedir='${prefix}/include'
infodir='${datarootdir}/info'
install_sh='$(SHELL) /usr/local/src/ezstream-0.6.0/build-aux/install-sh'
libdir='${exec_prefix}/lib'
libexecdir='${exec_prefix}/libexec'
localedir='${datarootdir}/locale'
localstatedir='${prefix}/var'
mandir='${datarootdir}/man'
mkdir_p='/usr/bin/mkdir -p'
oldincludedir='/usr/include'
pdfdir='${docdir}'
prefix='/usr/local'
program_transform_name='s,x,x,'
psdir='${docdir}'
sbindir='${exec_prefix}/sbin'
sharedstatedir='${prefix}/com'
sysconfdir='${prefix}/etc'
target_alias=''

## ----------- ##
## confdefs.h. ##
## ----------- ##

#define PACKAGE_NAME "ezstream"
#define PACKAGE_TARNAME "ezstream"
#define PACKAGE_VERSION "0.6.0"
#define PACKAGE_STRING "ezstream 0.6.0"
#define PACKAGE_BUGREPORT "https://trac.xiph.org/newticket?component=ezstream"
#define PACKAGE "ezstream"
#define VERSION "0.6.0"
#define _GNU_SOURCE 1
#define STDC_HEADERS 1
#define HAVE_SYS_TYPES_H 1
#define HAVE_SYS_STAT_H 1
#define HAVE_STDLIB_H 1
#define HAVE_STRING_H 1
#define HAVE_MEMORY_H 1
#define HAVE_STRINGS_H 1
#define HAVE_INTTYPES_H 1
#define HAVE_STDINT_H 1
#define HAVE_UNISTD_H 1
#define __EXTENSIONS__ 1
#define _POSIX_PTHREAD_SEMANTICS 1
#define _TANDEM_SOURCE 1
#define HAVE_SYS_TIME_H 1
#define HAVE_SIGNAL_H 1
#define HAVE_LANGINFO_H 1
#define HAVE_LIBGEN_H 1
#define HAVE_LOCALE_H 1
#define HAVE_PATHS_H 1
#define HAVE_VORBISFILE 1
#define HAVE_ICONV 1
#define ICONV_CONST 
#define HAVE_BASENAME 1
#define HAVE_GETOPT 1
#define HAVE_GETTIMEOFDAY 1
#define HAVE_NL_LANGINFO 1
#define HAVE_PCLOSE 1
#define HAVE_POPEN 1
#define HAVE_RANDOM 1
#define HAVE_SETLOCALE 1
#define HAVE_SNPRINTF 1
#define HAVE_STAT 1
#define HAVE_STRNCASECMP 1
#define HAVE_STRTOLL 1
#define HAVE_SIGACTION 1
#define HAVE_SIGNALS 1
#define HAVE___PROGNAME 1

configure: exit 0
